### Starting TaskPrologue of job 1125517 on tg093 at Mon Jul 21 06:11:38 PM CEST 2025
Running on cores 64-95 with governor ondemand
Mon Jul 21 18:11:38 2025       
+-----------------------------------------------------------------------------------------+
| NVIDIA-SMI 575.57.08              Driver Version: 575.57.08      CUDA Version: 12.9     |
|-----------------------------------------+------------------------+----------------------+
| GPU  Name                 Persistence-M | Bus-Id          Disp.A | Volatile Uncorr. ECC |
| Fan  Temp   Perf          Pwr:Usage/Cap |           Memory-Usage | GPU-Util  Compute M. |
|                                         |                        |               MIG M. |
|=========================================+========================+======================|
|   0  NVIDIA A100-SXM4-40GB          On  |   00000000:81:00.0 Off |                    0 |
| N/A   37C    P0             59W /  400W |       0MiB /  40960MiB |      0%      Default |
|                                         |                        |             Disabled |
+-----------------------------------------+------------------------+----------------------+
                                                                                         
+-----------------------------------------------------------------------------------------+
| Processes:                                                                              |
|  GPU   GI   CI              PID   Type   Process name                        GPU Memory |
|        ID   ID                                                               Usage      |
|=========================================================================================|
|  No running processes found                                                             |
+-----------------------------------------------------------------------------------------+
### Finished TaskPrologue

12.1
export CUDA_VISIBLE_DEVICES=0
Loaded data of size: (81, 106, 76, 150)
Parsing Stage2 matched states from the stage2 file...
Loaded data of size: (81, 106, 76, 150)
Parsing Stage2 matched states from the stage2 file...
dropout 0.0 encoder dropout 0.0
dropout 0.0 encoder dropout 0.0
New beta scheduler set! rev_warmup70
s2s noise activated!
New beta scheduler set! rev_warmup70
Optimizing: 362 params
New beta scheduler set! rev_warmup70
New beta scheduler set! rev_warmup70
New beta scheduler set! rev_warmup70
New beta scheduler set! rev_warmup70
New beta scheduler set! rev_warmup70
New beta scheduler set! rev_warmup70
New beta scheduler set! rev_warmup70
New beta scheduler set! rev_warmup70
New beta scheduler set! rev_warmup70
New beta scheduler set! rev_warmup70
New beta scheduler set! rev_warmup70
New beta scheduler set! rev_warmup70
New beta scheduler set! rev_warmup70
New beta scheduler set! rev_warmup70
New beta scheduler set! rev_warmup70
New beta scheduler set! rev_warmup70
New beta scheduler set! rev_warmup70
New beta scheduler set! rev_warmup70
New beta scheduler set! rev_warmup70
New beta scheduler set! rev_warmup70
New beta scheduler set! rev_warmup70
New beta scheduler set! rev_warmup70
New beta scheduler set! rev_warmup70
New beta scheduler set! rev_warmup70
New beta scheduler set! rev_warmup70
New beta scheduler set! rev_warmup70
New beta scheduler set! rev_warmup70
New beta scheduler set! rev_warmup70
New beta scheduler set! rev_warmup70
New beta scheduler set! rev_warmup70
New beta scheduler set! rev_warmup70
New beta scheduler set! rev_warmup70
New beta scheduler set! rev_warmup70
New beta scheduler set! rev_warmup70
New beta scheduler set! rev_warmup70
New beta scheduler set! rev_warmup70
New beta scheduler set! rev_warmup70
New beta scheduler set! rev_warmup70
New beta scheduler set! rev_warmup70
New beta scheduler set! rev_warmup70
New beta scheduler set! rev_warmup70
New beta scheduler set! rev_warmup70
New beta scheduler set! rev_warmup70
New beta scheduler set! rev_warmup70
New beta scheduler set! rev_warmup70
New beta scheduler set! rev_warmup70
New beta scheduler set! rev_warmup70
New beta scheduler set! rev_warmup70
New beta scheduler set! rev_warmup70
New beta scheduler set! rev_warmup70
New beta scheduler set! rev_warmup70
New beta scheduler set! rev_warmup70
New beta scheduler set! rev_warmup70
New beta scheduler set! rev_warmup70
New beta scheduler set! rev_warmup70
New beta scheduler set! rev_warmup70
New beta scheduler set! rev_warmup70
New beta scheduler set! rev_warmup70
New beta scheduler set! rev_warmup70
New beta scheduler set! rev_warmup70
New beta scheduler set! rev_warmup70
New beta scheduler set! rev_warmup70
New beta scheduler set! rev_warmup70
New beta scheduler set! rev_warmup70
New beta scheduler set! rev_warmup70
New beta scheduler set! rev_warmup70
New beta scheduler set! rev_warmup70
New beta scheduler set! rev_warmup70
New beta scheduler set! rev_warmup70
New beta scheduler set! rev_warmup70
New beta scheduler set! rev_warmup70
New beta scheduler set! rev_warmup70
New beta scheduler set! rev_warmup70
New beta scheduler set! rev_warmup70
New beta scheduler set! rev_warmup70
New beta scheduler set! rev_warmup70
New beta scheduler set! rev_warmup70
New beta scheduler set! rev_warmup70
New beta scheduler set! rev_warmup70
New beta scheduler set! rev_warmup70
New beta scheduler set! rev_warmup70
New beta scheduler set! rev_warmup70
New beta scheduler set! rev_warmup70
New beta scheduler set! rev_warmup70
New beta scheduler set! rev_warmup70
New beta scheduler set! rev_warmup70
New beta scheduler set! rev_warmup70
New beta scheduler set! rev_warmup70
New beta scheduler set! rev_warmup70
New beta scheduler set! rev_warmup70
New beta scheduler set! rev_warmup70
New beta scheduler set! rev_warmup70
New beta scheduler set! rev_warmup70
New beta scheduler set! rev_warmup70
New beta scheduler set! rev_warmup70
New beta scheduler set! rev_warmup70
New beta scheduler set! rev_warmup70
New beta scheduler set! rev_warmup70
New beta scheduler set! rev_warmup70
New beta scheduler set! rev_warmup70
New beta scheduler set! rev_warmup70
New beta scheduler set! rev_warmup70
New beta scheduler set! rev_warmup70
New beta scheduler set! rev_warmup70
New beta scheduler set! rev_warmup70
New beta scheduler set! rev_warmup70
New beta scheduler set! rev_warmup70
New beta scheduler set! rev_warmup70
New beta scheduler set! rev_warmup70
New beta scheduler set! rev_warmup70
New beta scheduler set! rev_warmup70
New beta scheduler set! rev_warmup70
New beta scheduler set! rev_warmup70
New beta scheduler set! rev_warmup70
New beta scheduler set! rev_warmup70
New beta scheduler set! rev_warmup70
New beta scheduler set! rev_warmup70
New beta scheduler set! rev_warmup70
New beta scheduler set! rev_warmup70
New beta scheduler set! rev_warmup70
New beta scheduler set! rev_warmup70
New beta scheduler set! rev_warmup70
New beta scheduler set! rev_warmup70
New beta scheduler set! rev_warmup70
New beta scheduler set! rev_warmup70
New beta scheduler set! rev_warmup70
New beta scheduler set! rev_warmup70
New beta scheduler set! rev_warmup70
New beta scheduler set! rev_warmup70
New beta scheduler set! rev_warmup70
New beta scheduler set! rev_warmup70
New beta scheduler set! rev_warmup70
New beta scheduler set! rev_warmup70
New beta scheduler set! rev_warmup70
New beta scheduler set! rev_warmup70
New beta scheduler set! rev_warmup70
New beta scheduler set! rev_warmup70
New beta scheduler set! rev_warmup70
New beta scheduler set! rev_warmup70
New beta scheduler set! rev_warmup70
New beta scheduler set! rev_warmup70
New beta scheduler set! rev_warmup70
New beta scheduler set! rev_warmup70
New beta scheduler set! rev_warmup70
New beta scheduler set! rev_warmup70
New beta scheduler set! rev_warmup70
New beta scheduler set! rev_warmup70
New beta scheduler set! rev_warmup70
New beta scheduler set! rev_warmup70
New beta scheduler set! rev_warmup70
New beta scheduler set! rev_warmup70
New beta scheduler set! rev_warmup70
New beta scheduler set! rev_warmup70
New beta scheduler set! rev_warmup70
New beta scheduler set! rev_warmup70
New beta scheduler set! rev_warmup70
New beta scheduler set! rev_warmup70
New beta scheduler set! rev_warmup70
New beta scheduler set! rev_warmup70
New beta scheduler set! rev_warmup70
New beta scheduler set! rev_warmup70
New beta scheduler set! rev_warmup70
New beta scheduler set! rev_warmup70
New beta scheduler set! rev_warmup70
New beta scheduler set! rev_warmup70
New beta scheduler set! rev_warmup70
New beta scheduler set! rev_warmup70
New beta scheduler set! rev_warmup70
New beta scheduler set! rev_warmup70
New beta scheduler set! rev_warmup70
New beta scheduler set! rev_warmup70
New beta scheduler set! rev_warmup70
New beta scheduler set! rev_warmup70
New beta scheduler set! rev_warmup70
New beta scheduler set! rev_warmup70
New beta scheduler set! rev_warmup70
New beta scheduler set! rev_warmup70
New beta scheduler set! rev_warmup70
New beta scheduler set! rev_warmup70
New beta scheduler set! rev_warmup70
New beta scheduler set! rev_warmup70
New beta scheduler set! rev_warmup70
New beta scheduler set! rev_warmup70
New beta scheduler set! rev_warmup70
New beta scheduler set! rev_warmup70
New beta scheduler set! rev_warmup70
New beta scheduler set! rev_warmup70
New beta scheduler set! rev_warmup70
New beta scheduler set! rev_warmup70
New beta scheduler set! rev_warmup70
New beta scheduler set! rev_warmup70
New beta scheduler set! rev_warmup70
New beta scheduler set! rev_warmup70
New beta scheduler set! rev_warmup70
New beta scheduler set! rev_warmup70
New beta scheduler set! rev_warmup70
New beta scheduler set! rev_warmup70
New beta scheduler set! rev_warmup70
New beta scheduler set! rev_warmup70
New beta scheduler set! rev_warmup70
=== JOB_STATISTICS ===
=== current date     : Mon Jul 21 09:15:50 PM CEST 2025
= Job-ID             : 1125517 on tinygpu
= Job-Name           : ddpm4gpu
= Job-Command        : /home/hpc/mfdp/mfdp118h/DDM2/slurm_job.sh
= Initial workdir    : /home/hpc/mfdp/mfdp118h/DDM2
= Queue/Partition    : a100
= Slurm account      : mfdp with QOS=normal
= Requested resources:  for 06:00:00
= Elapsed runtime    : 03:04:24
= Total RAM usage    : 3.2 GiB of requested  GiB (%)   
= Node list          : tg093
= Subm/Elig/Start/End: 2025-07-21T18:02:09 / 2025-07-21T18:02:09 / 2025-07-21T18:11:26 / 2025-07-21T21:15:50
======================
=== Quota infos ======
    Path                 Used     SoftQ    HardQ    Gracetime  Filec    FileQ    FiHaQ    FileGrace    
    /home/hpc              17.0G   104.9G   209.7G        N/A  31,093      500K   1,000K        N/A    
    /home/woody            19.3G  1000.0G  1500.0G        N/A     258K   5,000K   7,500K        N/A    
======================
=== GPU utilization ==
gpu_name, gpu_bus_id, pid, gpu_utilization [%], mem_utilization [%], max_memory_usage [MiB], time [ms]
NVIDIA A100-SXM4-40GB, 00000000:81:00.0, 1532527, 84 %, 50 %, 5710 MiB, 11033537 ms
